2025-06-18 00:03:52 INFO  c.a.y.MarketplaceProjectApplication - Starting MarketplaceProjectApplication using Java 21.0.1 with PID 23237 (/Users/erslvv/Desktop/normMarketPlace/MarketplaceProject/target/classes started by erslvv in /Users/erslvv/Desktop/normMarketPlace)
2025-06-18 00:03:52 DEBUG c.a.y.MarketplaceProjectApplication - Running with Spring Boot v3.5.0, Spring v6.2.7
2025-06-18 00:03:52 INFO  c.a.y.MarketplaceProjectApplication - No active profile set, falling back to 1 default profile: "default"
2025-06-18 00:39:47 INFO  c.a.y.MarketplaceProjectApplication - Starting MarketplaceProjectApplication using Java 21.0.1 with PID 23727 (/Users/erslvv/Desktop/normMarketPlace/MarketplaceProject/target/classes started by erslvv in /Users/erslvv/Desktop/normMarketPlace)
2025-06-18 00:39:47 DEBUG c.a.y.MarketplaceProjectApplication - Running with Spring Boot v3.5.0, Spring v6.2.7
2025-06-18 00:39:47 INFO  c.a.y.MarketplaceProjectApplication - No active profile set, falling back to 1 default profile: "default"
2025-06-18 00:41:14 INFO  c.a.y.MarketplaceProjectApplication - Starting MarketplaceProjectApplication using Java 21.0.1 with PID 23806 (/Users/erslvv/Desktop/normMarketPlace/MarketplaceProject/target/classes started by erslvv in /Users/erslvv/Desktop/normMarketPlace)
2025-06-18 00:41:14 DEBUG c.a.y.MarketplaceProjectApplication - Running with Spring Boot v3.5.0, Spring v6.2.7
2025-06-18 00:41:14 INFO  c.a.y.MarketplaceProjectApplication - No active profile set, falling back to 1 default profile: "default"
2025-06-18 00:41:16 DEBUG c.a.yerassyl.secutiry.JwtAuthFilter - Filter 'jwtAuthFilter' configured for use
2025-06-18 00:41:17 INFO  c.a.y.MarketplaceProjectApplication - Started MarketplaceProjectApplication in 3.137 seconds (process running for 3.625)
2025-06-18 00:45:30 INFO  c.a.y.MarketplaceProjectApplication - Starting MarketplaceProjectApplication using Java 21.0.1 with PID 23938 (/Users/erslvv/Desktop/normMarketPlace/MarketplaceProject/target/classes started by erslvv in /Users/erslvv/Desktop/normMarketPlace)
2025-06-18 00:45:30 DEBUG c.a.y.MarketplaceProjectApplication - Running with Spring Boot v3.5.0, Spring v6.2.7
2025-06-18 00:45:30 INFO  c.a.y.MarketplaceProjectApplication - No active profile set, falling back to 1 default profile: "default"
2025-06-18 00:45:32 DEBUG c.a.yerassyl.secutiry.JwtAuthFilter - Filter 'jwtAuthFilter' configured for use
2025-06-18 00:45:32 INFO  c.a.y.MarketplaceProjectApplication - Started MarketplaceProjectApplication in 2.739 seconds (process running for 3.143)
2025-06-18 00:46:05 INFO  c.a.y.MarketplaceProjectApplication - Starting MarketplaceProjectApplication using Java 21.0.1 with PID 23959 (/Users/erslvv/Desktop/normMarketPlace/MarketplaceProject/target/classes started by erslvv in /Users/erslvv/Desktop/normMarketPlace)
2025-06-18 00:46:05 DEBUG c.a.y.MarketplaceProjectApplication - Running with Spring Boot v3.5.0, Spring v6.2.7
2025-06-18 00:46:05 INFO  c.a.y.MarketplaceProjectApplication - No active profile set, falling back to 1 default profile: "default"
2025-06-18 00:46:07 DEBUG c.a.yerassyl.secutiry.JwtAuthFilter - Filter 'jwtAuthFilter' configured for use
2025-06-18 00:46:07 INFO  c.a.y.MarketplaceProjectApplication - Started MarketplaceProjectApplication in 2.539 seconds (process running for 2.906)
2025-06-18 10:59:46 INFO  c.a.y.MarketplaceProjectApplication - Starting MarketplaceProjectApplication using Java 21.0.1 with PID 24513 (/Users/erslvv/Desktop/normMarketPlace/MarketplaceProject/target/classes started by erslvv in /Users/erslvv/Desktop/normMarketPlace)
2025-06-18 10:59:46 DEBUG c.a.y.MarketplaceProjectApplication - Running with Spring Boot v3.5.0, Spring v6.2.7
2025-06-18 10:59:46 INFO  c.a.y.MarketplaceProjectApplication - No active profile set, falling back to 1 default profile: "default"
2025-06-18 10:59:48 DEBUG c.a.yerassyl.secutiry.JwtAuthFilter - Filter 'jwtAuthFilter' configured for use
2025-06-18 10:59:48 INFO  c.a.y.MarketplaceProjectApplication - Started MarketplaceProjectApplication in 2.788 seconds (process running for 3.213)
2025-06-18 11:01:58 INFO  c.a.y.MarketplaceProjectApplication - Starting MarketplaceProjectApplication using Java 21.0.1 with PID 24543 (/Users/erslvv/Desktop/normMarketPlace/MarketplaceProject/target/classes started by erslvv in /Users/erslvv/Desktop/normMarketPlace)
2025-06-18 11:01:58 DEBUG c.a.y.MarketplaceProjectApplication - Running with Spring Boot v3.5.0, Spring v6.2.7
2025-06-18 11:01:58 INFO  c.a.y.MarketplaceProjectApplication - No active profile set, falling back to 1 default profile: "default"
2025-06-18 11:02:00 DEBUG c.a.yerassyl.secutiry.JwtAuthFilter - Filter 'jwtAuthFilter' configured for use
2025-06-18 11:02:01 INFO  c.a.y.MarketplaceProjectApplication - Started MarketplaceProjectApplication in 2.714 seconds (process running for 3.095)
2025-06-18 11:07:29 INFO  c.a.y.MarketplaceProjectApplication - Starting MarketplaceProjectApplication using Java 21.0.1 with PID 24640 (/Users/erslvv/Desktop/normMarketPlace/MarketplaceProject/target/classes started by erslvv in /Users/erslvv/Desktop/normMarketPlace)
2025-06-18 11:07:29 DEBUG c.a.y.MarketplaceProjectApplication - Running with Spring Boot v3.5.0, Spring v6.2.7
2025-06-18 11:07:29 INFO  c.a.y.MarketplaceProjectApplication - No active profile set, falling back to 1 default profile: "default"
2025-06-18 11:07:32 DEBUG c.a.yerassyl.security.JwtAuthFilter - Filter 'jwtAuthFilter' configured for use
2025-06-18 11:07:32 INFO  c.a.y.MarketplaceProjectApplication - Started MarketplaceProjectApplication in 3.134 seconds (process running for 3.556)
2025-06-18 11:12:41 INFO  c.a.y.MarketplaceProjectApplication - Starting MarketplaceProjectApplication using Java 21.0.1 with PID 24702 (/Users/erslvv/Desktop/normMarketPlace/MarketplaceProject/target/classes started by erslvv in /Users/erslvv/Desktop/normMarketPlace)
2025-06-18 11:12:41 DEBUG c.a.y.MarketplaceProjectApplication - Running with Spring Boot v3.5.0, Spring v6.2.7
2025-06-18 11:12:41 INFO  c.a.y.MarketplaceProjectApplication - No active profile set, falling back to 1 default profile: "default"
2025-06-18 11:12:43 DEBUG c.a.yerassyl.security.JwtAuthFilter - Filter 'jwtAuthFilter' configured for use
2025-06-18 11:12:44 INFO  c.a.y.MarketplaceProjectApplication - Started MarketplaceProjectApplication in 2.99 seconds (process running for 3.771)
2025-06-18 11:15:50 INFO  c.a.y.MarketplaceProjectApplication - Starting MarketplaceProjectApplication using Java 21.0.1 with PID 24748 (/Users/erslvv/Desktop/normMarketPlace/MarketplaceProject/target/classes started by erslvv in /Users/erslvv/Desktop/normMarketPlace)
2025-06-18 11:15:50 DEBUG c.a.y.MarketplaceProjectApplication - Running with Spring Boot v3.5.0, Spring v6.2.7
2025-06-18 11:15:50 INFO  c.a.y.MarketplaceProjectApplication - No active profile set, falling back to 1 default profile: "default"
2025-06-18 11:15:52 DEBUG c.a.yerassyl.security.JwtAuthFilter - Filter 'jwtAuthFilter' configured for use
2025-06-18 11:15:53 INFO  c.a.y.MarketplaceProjectApplication - Started MarketplaceProjectApplication in 2.627 seconds (process running for 3.039)
2025-06-18 11:21:20 INFO  c.a.y.MarketplaceProjectApplication - Starting MarketplaceProjectApplication using Java 21.0.1 with PID 24862 (/Users/erslvv/Desktop/normMarketPlace/MarketplaceProject/target/classes started by erslvv in /Users/erslvv/Desktop/normMarketPlace)
2025-06-18 11:21:20 DEBUG c.a.y.MarketplaceProjectApplication - Running with Spring Boot v3.5.0, Spring v6.2.7
2025-06-18 11:21:20 INFO  c.a.y.MarketplaceProjectApplication - No active profile set, falling back to 1 default profile: "default"
2025-06-18 11:21:22 DEBUG c.a.yerassyl.security.JwtAuthFilter - Filter 'jwtAuthFilter' configured for use
2025-06-18 11:21:22 INFO  c.a.y.MarketplaceProjectApplication - Started MarketplaceProjectApplication in 2.702 seconds (process running for 3.221)
2025-06-18 11:29:02 INFO  c.a.y.MarketplaceProjectApplication - Starting MarketplaceProjectApplication using Java 21.0.1 with PID 25059 (/Users/erslvv/Desktop/normMarketPlace/MarketplaceProject/target/classes started by erslvv in /Users/erslvv/Desktop/normMarketPlace)
2025-06-18 11:29:02 DEBUG c.a.y.MarketplaceProjectApplication - Running with Spring Boot v3.5.0, Spring v6.2.7
2025-06-18 11:29:02 INFO  c.a.y.MarketplaceProjectApplication - No active profile set, falling back to 1 default profile: "default"
2025-06-18 11:29:04 DEBUG c.a.yerassyl.security.JwtAuthFilter - Filter 'jwtAuthFilter' configured for use
2025-06-18 11:29:05 INFO  c.a.y.MarketplaceProjectApplication - Started MarketplaceProjectApplication in 2.765 seconds (process running for 3.252)
2025-06-18 11:29:20 DEBUG c.a.y.controllers.ProductController - Request to get all products
2025-06-18 11:29:20 DEBUG c.a.y.s.impl.ProductServiceImpl - Get all products
2025-06-18 11:29:20 DEBUG c.a.y.facade.impl.ProductFacadeImpl - Get all products on Facade Layer
2025-06-18 12:21:38 INFO  c.a.y.MarketplaceProjectApplication - Starting MarketplaceProjectApplication using Java 21.0.1 with PID 25722 (/Users/erslvv/Desktop/normMarketPlace/MarketplaceProject/target/classes started by erslvv in /Users/erslvv/Desktop/normMarketPlace)
2025-06-18 12:21:38 DEBUG c.a.y.MarketplaceProjectApplication - Running with Spring Boot v3.5.0, Spring v6.2.7
2025-06-18 12:21:38 INFO  c.a.y.MarketplaceProjectApplication - No active profile set, falling back to 1 default profile: "default"
2025-06-18 12:21:40 DEBUG c.a.yerassyl.security.JwtAuthFilter - Filter 'jwtAuthFilter' configured for use
2025-06-18 12:21:40 INFO  c.a.y.MarketplaceProjectApplication - Started MarketplaceProjectApplication in 2.884 seconds (process running for 3.376)
2025-06-18 12:35:39 DEBUG c.a.y.controllers.UserController - Request to get all users
2025-06-18 12:35:39 DEBUG c.a.y.facade.impl.UserFacadeImpl - Get all users on Facade layer
2025-06-18 12:35:39 DEBUG c.a.y.service.impl.UserServiceImpl - Get all users
2025-06-18 12:38:02 DEBUG c.a.y.controllers.UserController - Request to get all users
2025-06-18 12:38:02 DEBUG c.a.y.facade.impl.UserFacadeImpl - Get all users on Facade layer
2025-06-18 12:38:02 DEBUG c.a.y.service.impl.UserServiceImpl - Get all users
2025-06-18 13:01:03 INFO  c.a.y.MarketplaceProjectApplication - Starting MarketplaceProjectApplication using Java 21.0.1 with PID 26235 (/Users/erslvv/Desktop/normMarketPlace/MarketplaceProject/target/classes started by erslvv in /Users/erslvv/Desktop/normMarketPlace)
2025-06-18 13:01:03 DEBUG c.a.y.MarketplaceProjectApplication - Running with Spring Boot v3.5.0, Spring v6.2.7
2025-06-18 13:01:03 INFO  c.a.y.MarketplaceProjectApplication - No active profile set, falling back to 1 default profile: "default"
2025-06-18 13:01:05 DEBUG c.a.yerassyl.security.JwtAuthFilter - Filter 'jwtAuthFilter' configured for use
2025-06-18 13:01:05 INFO  c.a.y.MarketplaceProjectApplication - Started MarketplaceProjectApplication in 2.88 seconds (process running for 3.334)
2025-06-18 13:05:16 INFO  c.a.y.MarketplaceProjectApplication - Starting MarketplaceProjectApplication using Java 21.0.1 with PID 26340 (/Users/erslvv/Desktop/normMarketPlace/MarketplaceProject/target/classes started by erslvv in /Users/erslvv/Desktop/normMarketPlace)
2025-06-18 13:05:16 DEBUG c.a.y.MarketplaceProjectApplication - Running with Spring Boot v3.5.0, Spring v6.2.7
2025-06-18 13:05:16 INFO  c.a.y.MarketplaceProjectApplication - No active profile set, falling back to 1 default profile: "default"
2025-06-18 13:05:18 DEBUG c.a.yerassyl.security.JwtAuthFilter - Filter 'jwtAuthFilter' configured for use
2025-06-18 13:05:19 INFO  c.a.y.MarketplaceProjectApplication - Started MarketplaceProjectApplication in 3.52 seconds (process running for 3.92)
2025-06-18 13:09:57 DEBUG c.a.y.controllers.UserController - Request to create user
2025-06-18 13:10:06 DEBUG c.a.y.controllers.UserController - Request to create user
2025-06-18 13:11:10 DEBUG c.a.y.controllers.UserController - Request to create user
2025-06-18 13:12:05 DEBUG c.a.y.controllers.UserController - Request to create user
2025-06-18 13:12:05 DEBUG c.a.y.controllers.UserController - Request to create user
2025-06-18 13:12:06 DEBUG c.a.y.controllers.UserController - Request to create user
2025-06-18 13:12:12 INFO  c.a.y.MarketplaceProjectApplication - Starting MarketplaceProjectApplication using Java 21.0.1 with PID 26430 (/Users/erslvv/Desktop/normMarketPlace/MarketplaceProject/target/classes started by erslvv in /Users/erslvv/Desktop/normMarketPlace)
2025-06-18 13:12:12 DEBUG c.a.y.MarketplaceProjectApplication - Running with Spring Boot v3.5.0, Spring v6.2.7
2025-06-18 13:12:12 INFO  c.a.y.MarketplaceProjectApplication - No active profile set, falling back to 1 default profile: "default"
2025-06-18 13:12:14 DEBUG c.a.yerassyl.security.JwtAuthFilter - Filter 'jwtAuthFilter' configured for use
2025-06-18 13:12:15 INFO  c.a.y.MarketplaceProjectApplication - Started MarketplaceProjectApplication in 3.079 seconds (process running for 3.605)
2025-06-18 13:12:19 DEBUG c.a.y.controllers.UserController - Request to create user
2025-06-18 13:16:07 DEBUG c.a.y.controllers.UserController - Request to get all users
2025-06-18 13:16:07 DEBUG c.a.y.facade.impl.UserFacadeImpl - Get all users on Facade layer
2025-06-18 13:16:07 DEBUG c.a.y.service.impl.UserServiceImpl - Get all users
2025-06-18 13:16:20 DEBUG c.a.y.controllers.UserController - Request to get all users
2025-06-18 13:16:20 DEBUG c.a.y.facade.impl.UserFacadeImpl - Get all users on Facade layer
2025-06-18 13:16:20 DEBUG c.a.y.service.impl.UserServiceImpl - Get all users
2025-06-18 13:16:30 DEBUG c.a.y.controllers.UserController - Request to get all users
2025-06-18 13:16:30 DEBUG c.a.y.facade.impl.UserFacadeImpl - Get all users on Facade layer
2025-06-18 13:16:30 DEBUG c.a.y.service.impl.UserServiceImpl - Get all users
2025-06-18 13:16:48 DEBUG c.a.y.controllers.UserController - Request to get user by ID: 100
2025-06-18 13:16:48 DEBUG c.a.y.service.impl.UserServiceImpl - Get user by id: 100
2025-06-18 13:18:52 DEBUG c.a.y.controllers.ProductController - Request to create product
2025-06-18 13:18:52 DEBUG c.a.y.s.impl.ProductServiceImpl - createProduct from ProductService with ID: 210
2025-06-18 13:18:52 DEBUG c.a.y.facade.impl.ProductFacadeImpl - Create product on Facade Layer
2025-06-18 13:19:06 DEBUG c.a.y.controllers.ProductController - Request to get product with id 200
2025-06-18 13:19:06 DEBUG c.a.y.s.impl.ProductServiceImpl - Get product with Id: 200
2025-06-18 13:19:06 DEBUG c.a.y.facade.impl.ProductFacadeImpl - Get product on Facade Layer with ID: 200
2025-06-18 13:19:10 DEBUG c.a.y.controllers.ProductController - Request to get all products
2025-06-18 13:19:10 DEBUG c.a.y.s.impl.ProductServiceImpl - Get all products
2025-06-18 13:19:10 DEBUG c.a.y.facade.impl.ProductFacadeImpl - Get all products on Facade Layer
2025-06-18 13:20:20 DEBUG c.a.y.controllers.ProductController - Request to update product with id 210
2025-06-18 13:20:20 DEBUG c.a.y.s.impl.ProductServiceImpl - Update product with ID: 210
2025-06-18 13:20:20 DEBUG c.a.y.facade.impl.ProductFacadeImpl - Update product on Facade Layer with ID: 210
2025-06-18 13:20:32 DEBUG c.a.y.controllers.ProductController - Request to get product with id 210
2025-06-18 13:20:32 DEBUG c.a.y.s.impl.ProductServiceImpl - Get product with Id: 210
2025-06-18 13:20:32 DEBUG c.a.y.facade.impl.ProductFacadeImpl - Get product on Facade Layer with ID: 210
2025-06-18 16:17:44 INFO  c.a.y.MarketplaceProjectApplication - Starting MarketplaceProjectApplication using Java 21.0.1 with PID 28195 (/Users/erslvv/Desktop/normMarketPlace/MarketplaceProject/target/classes started by erslvv in /Users/erslvv/Desktop/normMarketPlace)
2025-06-18 16:17:44 DEBUG c.a.y.MarketplaceProjectApplication - Running with Spring Boot v3.5.0, Spring v6.2.7
2025-06-18 16:17:44 INFO  c.a.y.MarketplaceProjectApplication - No active profile set, falling back to 1 default profile: "default"
2025-06-18 16:17:46 DEBUG c.a.yerassyl.security.JwtAuthFilter - Filter 'jwtAuthFilter' configured for use
2025-06-18 16:17:47 INFO  c.a.y.MarketplaceProjectApplication - Started MarketplaceProjectApplication in 3.283 seconds (process running for 3.829)
2025-06-18 16:18:17 DEBUG c.a.y.service.impl.UserServiceImpl - Created a new user email: string@gmail.com
2025-06-18 16:18:17 DEBUG c.a.y.facade.impl.AuthFacadeImpl - User is creating on Facade layer
2025-06-18 16:37:35 INFO  c.a.y.MarketplaceProjectApplication - Starting MarketplaceProjectApplication using Java 21.0.1 with PID 28417 (/Users/erslvv/Desktop/normMarketPlace/MarketplaceProject/target/classes started by erslvv in /Users/erslvv/Desktop/normMarketPlace)
2025-06-18 16:37:35 DEBUG c.a.y.MarketplaceProjectApplication - Running with Spring Boot v3.5.0, Spring v6.2.7
2025-06-18 16:37:35 INFO  c.a.y.MarketplaceProjectApplication - No active profile set, falling back to 1 default profile: "default"
2025-06-18 16:37:37 DEBUG c.a.yerassyl.security.JwtAuthFilter - Filter 'jwtAuthFilter' configured for use
2025-06-18 16:37:38 INFO  c.a.y.MarketplaceProjectApplication - Started MarketplaceProjectApplication in 3.237 seconds (process running for 3.668)
2025-06-18 16:39:07 DEBUG c.a.y.controllers.ProductController - Request to get all products
2025-06-18 16:39:07 DEBUG c.a.y.s.impl.ProductServiceImpl - Get all products
2025-06-18 16:39:07 DEBUG c.a.y.facade.impl.ProductFacadeImpl - Get all products on Facade Layer
2025-06-18 16:40:53 DEBUG c.a.y.service.impl.OrderServiceImpl - Create order by Id 11
2025-06-18 16:40:53 DEBUG c.a.y.facade.impl.OrderFacadeImpl - Create order on Facade layer, id=11
2025-06-18 16:41:14 DEBUG c.a.y.service.impl.OrderServiceImpl - Create order by Id 12
2025-06-18 16:41:14 DEBUG c.a.y.facade.impl.OrderFacadeImpl - Create order on Facade layer, id=12
